0 info it worked if it ends with ok
1 verbose cli [ 'C:\\Archivos de programa\\nodejs\\\\node.exe',
1 verbose cli   'C:\\Archivos de programa\\nodejs\\node_modules\\npm\\bin\\npm-cli.js',
1 verbose cli   'instal',
1 verbose cli   '-g',
1 verbose cli   'npm' ]
2 info using npm@1.4.28
3 info using node@v0.10.35
4 verbose node symlink C:\Archivos de programa\nodejs\\node.exe
5 verbose cache add [ 'npm', null ]
6 verbose cache add name=undefined spec="npm" args=["npm",null]
7 verbose parsed url { protocol: null,
7 verbose parsed url   slashes: null,
7 verbose parsed url   auth: null,
7 verbose parsed url   host: null,
7 verbose parsed url   port: null,
7 verbose parsed url   hostname: null,
7 verbose parsed url   hash: null,
7 verbose parsed url   search: null,
7 verbose parsed url   query: null,
7 verbose parsed url   pathname: 'npm',
7 verbose parsed url   path: 'npm',
7 verbose parsed url   href: 'npm' }
8 silly lockFile 660051d1-npm npm
9 verbose lock npm C:\Documents and Settings\xmz0576\Datos de programa\npm-cache\660051d1-npm.lock
10 silly lockFile 660051d1-npm npm
11 silly lockFile 660051d1-npm npm
12 verbose addNamed [ 'npm', '' ]
13 verbose addNamed [ null, '*' ]
14 silly lockFile 2f990b75-npm npm@
15 verbose lock npm@ C:\Documents and Settings\xmz0576\Datos de programa\npm-cache\2f990b75-npm.lock
16 silly addNameRange { name: 'npm', range: '*', hasData: false }
17 verbose request where is /npm
18 verbose request registry https://registry.npmjs.org/
19 verbose request id 254ca2978b270aa4
20 verbose url raw /npm
21 verbose url resolving [ 'https://registry.npmjs.org/', './npm' ]
22 verbose url resolved https://registry.npmjs.org/npm
23 verbose request where is https://registry.npmjs.org/npm
24 info trying registry request attempt 1 at 09:54:06
25 http GET https://registry.npmjs.org/npm
26 info retry will retry, error on last attempt: Error: getaddrinfo ENOTFOUND
27 info trying registry request attempt 2 at 09:54:29
28 http GET https://registry.npmjs.org/npm
29 info retry will retry, error on last attempt: Error: getaddrinfo ENOTFOUND
30 info trying registry request attempt 3 at 09:55:35
31 http GET https://registry.npmjs.org/npm
32 silly lockFile 2f990b75-npm npm@
33 silly lockFile 2f990b75-npm npm@
34 error network getaddrinfo ENOTFOUND
34 error network This is most likely not a problem with npm itself
34 error network and is related to network connectivity.
34 error network In most cases you are behind a proxy or have bad network settings.
34 error network
34 error network If you are behind a proxy, please make sure that the
34 error network 'proxy' config is set properly.  See: 'npm help config'
35 error System Windows_NT 5.1.2600
36 error command "C:\\Archivos de programa\\nodejs\\\\node.exe" "C:\\Archivos de programa\\nodejs\\node_modules\\npm\\bin\\npm-cli.js" "instal" "-g" "npm"
37 error cwd D:\Daniel\HTML\JavaScript\librosWeb\css
38 error node -v v0.10.35
39 error npm -v 1.4.28
40 error syscall getaddrinfo
41 error code ENOTFOUND
42 error errno ENOTFOUND
43 verbose exit [ 1, true ]
